<?xml version="1.0" encoding="UTF-8"?>
<!-- Generated by org.testng.reporters.JUnitReportReporter -->
<testsuite ignored="0" hostname="HoME-PC" failures="0" tests="2" name="testcases.TC001_LoginAndLogout" time="34.030" errors="0" timestamp="27 May 2018 08:45:04 GMT" skipped="0">
  <testcase classname="testcases.TC001_LoginAndLogout" name="loginAndLogout" time="11.588"/>
  <testcase classname="testcases.TC001_LoginAndLogout" name="loginAndLogout" time="22.442"/>
</testsuite> <!-- testcases.TC001_LoginAndLogout -->
